\BOOKMARK [0][-]{Doc-Start}{Acknowledgements}{}% 1
\BOOKMARK [0][-]{section*.2}{Abstract \(PT\)}{}% 2
\BOOKMARK [0][-]{section*.4}{Abstract \(EN\)}{}% 3
\BOOKMARK [0][-]{section*.6}{List of Figures}{}% 4
\BOOKMARK [0][-]{section*.6}{List of Tables}{}% 5
\BOOKMARK [0][-]{chapter.1}{Introduction}{}% 6
\BOOKMARK [1][-]{section*.8}{Context and Motivation}{chapter.1}% 7
\BOOKMARK [1][-]{section*.9}{Research Method}{chapter.1}% 8
\BOOKMARK [1][-]{section*.11}{Contributions}{chapter.1}% 9
\BOOKMARK [1][-]{section*.13}{Thesis Overview}{chapter.1}% 10
\BOOKMARK [0][-]{chapter.2}{Related Work}{}% 11
\BOOKMARK [0][-]{chapter.3}{Data Source}{}% 12
\BOOKMARK [1][-]{section*.16}{Methodology}{chapter.3}% 13
\BOOKMARK [2][-]{section*.18}{Filtering the Data}{section*.16}% 14
\BOOKMARK [1][-]{section*.20}{OS Diversity Study}{chapter.3}% 15
\BOOKMARK [2][-]{section*.21}{Vulnerability Distribution by OS Component}{section*.20}% 16
\BOOKMARK [2][-]{section*.23}{Common Vulnerabilities}{section*.20}% 17
\BOOKMARK [1][-]{section*.28}{Strategies for OS Diversity Selection}{chapter.3}% 18
\BOOKMARK [1][-]{section*.43}{Decisions about deploying diversity}{chapter.3}% 19
\BOOKMARK [1][-]{section*.44}{Final Remmarks}{chapter.3}% 20
\BOOKMARK [0][-]{chapter.4}{Lazarus Design}{}% 21
\BOOKMARK [0][-]{chapter.5}{Lazarus Implementation}{}% 22
\BOOKMARK [0][-]{chapter.6}{SieveQ}{}% 23
\BOOKMARK [0][-]{chapter.7}{Conclusion}{}% 24
\BOOKMARK [0][-]{section*.48}{Acronyms}{}% 25
\BOOKMARK [0][-]{chapter*.49}{Bibliography}{}% 26
\BOOKMARK [0][-]{section*.50}{Bibliography}{}% 27
